#
# There is insufficient memory for the Java Runtime Environment to continue.
# Native memory allocation (malloc) failed to allocate 322816 bytes for Chunk::new
# Possible reasons:
#   The system is out of physical RAM or swap space
#   The process is running with CompressedOops enabled, and the Java Heap may be blocking the growth of the native heap
# Possible solutions:
#   Reduce memory load on the system
#   Increase physical memory or swap space
#   Check if swap backing store is full
#   Decrease Java heap size (-Xmx/-Xms)
#   Decrease number of Java threads
#   Decrease Java thread stack sizes (-Xss)
#   Set larger code cache with -XX:ReservedCodeCacheSize=
#   JVM is running with Zero Based Compressed Oops mode in which the Java heap is
#     placed in the first 32GB address space. The Java Heap base address is the
#     maximum limit for the native heap growth. Please use -XX:HeapBaseMinAddress
#     to set the Java Heap base and to place the Java Heap above 32GB virtual address.
# This output file may be truncated or incomplete.
#
#  Out of Memory Error (t:/workspace/open/src/hotspot/share/memory/arena.cpp:197), pid=3404, tid=11784
#
# JRE version: OpenJDK Runtime Environment (11.0.2+9) (build 11.0.2+9)
# Java VM: OpenJDK 64-Bit Server VM (11.0.2+9, mixed mode, tiered, compressed oops, g1 gc, windows-amd64)
# No core dump will be written. Minidumps are not enabled by default on client versions of Windows
#

---------------  S U M M A R Y ------------

Command Line: -Dfile.encoding=windows-1251 -Duser.country=RU -Duser.language=ru -Duser.variant com.example.demo.DemoApplication

Host: 12th Gen Intel(R) Core(TM) i7-12700H, 20 cores, 15G,  Windows 10 , 64 bit Build 22621 (10.0.22621.2506)
Time: Sun Jan  7 18:26:20 2024 RTZ 2 (зима) elapsed time: 24 seconds (0d 0h 0m 24s)

---------------  T H R E A D  ---------------

Current thread (0x000002254da42000):  JavaThread "C2 CompilerThread0" daemon [_thread_in_native, id=11784, stack(0x0000003caaa00000,0x0000003caab00000)]


Current CompileTask:
C2:  24856 5706   !   4       java.util.concurrent.ConcurrentHashMap::putVal (432 bytes)

Stack: [0x0000003caaa00000,0x0000003caab00000]
Native frames: (J=compiled Java code, j=interpreted, Vv=VM code, C=native code)
V  [jvm.dll+0x63489a]
V  [jvm.dll+0x771f9f]
V  [jvm.dll+0x773648]
V  [jvm.dll+0x773d03]
V  [jvm.dll+0x25eba8]
V  [jvm.dll+0xc2191]
V  [jvm.dll+0xc271c]
V  [jvm.dll+0x2cf964]
V  [jvm.dll+0x55129f]
V  [jvm.dll+0x21a5c9]
V  [jvm.dll+0x217a46]
V  [jvm.dll+0x194370]
V  [jvm.dll+0x226b3f]
V  [jvm.dll+0x225148]
V  [jvm.dll+0x73774d]
V  [jvm.dll+0x633942]
C  [ucrtbase.dll+0x29363]
C  [KERNEL32.DLL+0x1257d]
C  [ntdll.dll+0x5aa58]


---------------  P R O C E S S  ---------------

Threads class SMR info:
_java_thread_list=0x0000022552854100, length=27, elements={
0x000002254d9df800, 0x000002254d9e9800, 0x000002254da3f000, 0x000002254da40000,
0x000002254da42000, 0x000002254da48000, 0x000002254da49800, 0x000002254dbea800,
0x000002254dbef800, 0x0000022553ca1000, 0x0000022551f74000, 0x00000225504ad000,
0x0000022550ac0000, 0x0000022554f16000, 0x000002255ad32000, 0x000002255321f000,
0x000002255660f000, 0x000002255518f000, 0x000002255bcd0000, 0x000002255bcd1800,
0x000002255bcd2800, 0x000002255bccd800, 0x000002255bcd3000, 0x000002255bcd4000,
0x000002255bcce000, 0x000002255bccf000, 0x000002255bcd0800
}

Java Threads: ( => current thread )
  0x000002254d9df800 JavaThread "Reference Handler" daemon [_thread_blocked, id=7828, stack(0x0000003caa600000,0x0000003caa700000)]
  0x000002254d9e9800 JavaThread "Finalizer" daemon [_thread_blocked, id=1692, stack(0x0000003caa700000,0x0000003caa800000)]
  0x000002254da3f000 JavaThread "Signal Dispatcher" daemon [_thread_blocked, id=17720, stack(0x0000003caa800000,0x0000003caa900000)]
  0x000002254da40000 JavaThread "Attach Listener" daemon [_thread_blocked, id=2500, stack(0x0000003caa900000,0x0000003caaa00000)]
=>0x000002254da42000 JavaThread "C2 CompilerThread0" daemon [_thread_in_native, id=11784, stack(0x0000003caaa00000,0x0000003caab00000)]
  0x000002254da48000 JavaThread "C1 CompilerThread0" daemon [_thread_blocked, id=12804, stack(0x0000003caab00000,0x0000003caac00000)]
  0x000002254da49800 JavaThread "Sweeper thread" daemon [_thread_blocked, id=6612, stack(0x0000003caac00000,0x0000003caad00000)]
  0x000002254dbea800 JavaThread "Service Thread" daemon [_thread_blocked, id=10216, stack(0x0000003caaf00000,0x0000003cab000000)]
  0x000002254dbef800 JavaThread "Common-Cleaner" daemon [_thread_blocked, id=2452, stack(0x0000003cab100000,0x0000003cab200000)]
  0x0000022553ca1000 JavaThread "Catalina-utility-1" [_thread_blocked, id=1228, stack(0x0000003cabd00000,0x0000003cabe00000)]
  0x0000022551f74000 JavaThread "Catalina-utility-2" [_thread_blocked, id=17112, stack(0x0000003cabe00000,0x0000003cabf00000)]
  0x00000225504ad000 JavaThread "container-0" [_thread_blocked, id=13492, stack(0x0000003cabf00000,0x0000003cac000000)]
  0x0000022550ac0000 JavaThread "mysql-cj-abandoned-connection-cleanup" daemon [_thread_blocked, id=18424, stack(0x0000003cac000000,0x0000003cac100000)]
  0x0000022554f16000 JavaThread "HikariPool-1 housekeeper" daemon [_thread_blocked, id=17820, stack(0x0000003cac100000,0x0000003cac200000)]
  0x000002255ad32000 JavaThread "http-nio-8080-exec-1" daemon [_thread_in_vm, id=14464, stack(0x0000003caca00000,0x0000003cacb00000)]
  0x000002255321f000 JavaThread "http-nio-8080-exec-2" daemon [_thread_blocked, id=15232, stack(0x0000003cacb00000,0x0000003cacc00000)]
  0x000002255660f000 JavaThread "http-nio-8080-exec-3" daemon [_thread_blocked, id=2892, stack(0x0000003cacc00000,0x0000003cacd00000)]
  0x000002255518f000 JavaThread "http-nio-8080-exec-4" daemon [_thread_blocked, id=2980, stack(0x0000003cacd00000,0x0000003cace00000)]
  0x000002255bcd0000 JavaThread "http-nio-8080-exec-5" daemon [_thread_blocked, id=3568, stack(0x0000003cace00000,0x0000003cacf00000)]
  0x000002255bcd1800 JavaThread "http-nio-8080-exec-6" daemon [_thread_blocked, id=15484, stack(0x0000003cacf00000,0x0000003cad000000)]
  0x000002255bcd2800 JavaThread "http-nio-8080-exec-7" daemon [_thread_blocked, id=16956, stack(0x0000003cad000000,0x0000003cad100000)]
  0x000002255bccd800 JavaThread "http-nio-8080-exec-8" daemon [_thread_blocked, id=9968, stack(0x0000003cad100000,0x0000003cad200000)]
  0x000002255bcd3000 JavaThread "http-nio-8080-exec-9" daemon [_thread_blocked, id=18120, stack(0x0000003cad200000,0x0000003cad300000)]
  0x000002255bcd4000 JavaThread "http-nio-8080-exec-10" daemon [_thread_blocked, id=7236, stack(0x0000003cad300000,0x0000003cad400000)]
  0x000002255bcce000 JavaThread "http-nio-8080-Poller" daemon [_thread_in_native, id=10276, stack(0x0000003cad400000,0x0000003cad500000)]
  0x000002255bccf000 JavaThread "http-nio-8080-Acceptor" daemon [_thread_in_native, id=18384, stack(0x0000003cad500000,0x0000003cad600000)]
  0x000002255bcd0800 JavaThread "DestroyJavaVM" [_thread_blocked, id=2464, stack(0x0000003ca9f00000,0x0000003caa000000)]

Other Threads:
  0x000002254d9da800 VMThread "VM Thread" [stack: 0x0000003caa500000,0x0000003caa600000] [id=17896]
  0x000002254dbeb800 WatcherThread [stack: 0x0000003cab000000,0x0000003cab100000] [id=8240]
  0x0000022528a1a800 GCTaskThread "GC Thread#0" [stack: 0x0000003caa000000,0x0000003caa100000] [id=18960]
  0x000002254e865800 GCTaskThread "GC Thread#1" [stack: 0x0000003cab400000,0x0000003cab500000] [id=2596]
  0x000002254e8e3000 GCTaskThread "GC Thread#2" [stack: 0x0000003cab500000,0x0000003cab600000] [id=7924]
  0x000002254e8e3800 GCTaskThread "GC Thread#3" [stack: 0x0000003cab600000,0x0000003cab700000] [id=15912]
  0x000002254e8cc800 GCTaskThread "GC Thread#4" [stack: 0x0000003cab700000,0x0000003cab800000] [id=5436]
  0x000002254e8cd000 GCTaskThread "GC Thread#5" [stack: 0x0000003cab800000,0x0000003cab900000] [id=8016]
  0x0000022555416800 GCTaskThread "GC Thread#6" [stack: 0x0000003cac500000,0x0000003cac600000] [id=15984]
  0x0000022555885800 GCTaskThread "GC Thread#7" [stack: 0x0000003cac600000,0x0000003cac700000] [id=6496]
  0x0000022528a77800 ConcurrentGCThread "G1 Main Marker" [stack: 0x0000003caa100000,0x0000003caa200000] [id=7764]
  0x0000022528a78800 ConcurrentGCThread "G1 Conc#0" [stack: 0x0000003caa200000,0x0000003caa300000] [id=17860]
  0x000002255098b800 ConcurrentGCThread "G1 Conc#1" [stack: 0x0000003caba00000,0x0000003cabb00000] [id=19348]
  0x000002254f156800 ConcurrentGCThread "G1 Conc#2" [stack: 0x0000003cabb00000,0x0000003cabc00000] [id=18696]
  0x00000225505ad000 ConcurrentGCThread "G1 Conc#3" [stack: 0x0000003cabc00000,0x0000003cabd00000] [id=4620]
  0x000002254d019000 ConcurrentGCThread "G1 Refine#0" [stack: 0x0000003caa300000,0x0000003caa400000] [id=10520]
  0x000002254d01a000 ConcurrentGCThread "G1 Young RemSet Sampling" [stack: 0x0000003caa400000,0x0000003caa500000] [id=17308]

Threads with active compile tasks:
C2 CompilerThread05706   !   4       java.util.concurrent.ConcurrentHashMap::putVal (432 bytes)

VM state:not at safepoint (normal execution)

VM Mutex/Monitor currently owned by a thread: None

Heap address: 0x0000000704400000, size: 4028 MB, Compressed Oops mode: Zero based, Oop shift amount: 3
Narrow klass base: 0x0000000800000000, Narrow klass shift: 0
Compressed class space size: 1073741824 Address: 0x0000000800000000

Heap:
 garbage-first heap   total 310272K, used 101416K [0x0000000704400000, 0x0000000800000000)
  region size 1024K, 92 young (94208K), 13 survivors (13312K)
 Metaspace       used 66533K, capacity 68128K, committed 68224K, reserved 1110016K
  class space    used 8392K, capacity 9018K, committed 9088K, reserved 1048576K
Heap Regions: E=young(eden), S=young(survivor), O=old, HS=humongous(starts), HC=humongous(continues), CS=collection set, F=free, A=archive, TAMS=top-at-mark-start (previous, next)
|   0|0x0000000704400000, 0x0000000704500000, 0x0000000704500000|100%|HS|  |TAMS 0x0000000704500000, 0x0000000704400000| Complete 
|   1|0x0000000704500000, 0x0000000704600000, 0x0000000704600000|100%| O|  |TAMS 0x0000000704600000, 0x0000000704500000| Untracked 
|   2|0x0000000704600000, 0x0000000704700000, 0x0000000704700000|100%| O|  |TAMS 0x0000000704700000, 0x0000000704600000| Untracked 
|   3|0x0000000704700000, 0x0000000704800000, 0x0000000704800000|100%| O|  |TAMS 0x0000000704800000, 0x0000000704700000| Untracked 
|   4|0x0000000704800000, 0x0000000704900000, 0x0000000704900000|100%| O|  |TAMS 0x0000000704900000, 0x0000000704800000| Untracked 
|   5|0x0000000704900000, 0x0000000704a00000, 0x0000000704a00000|100%| O|  |TAMS 0x0000000704a00000, 0x0000000704900000| Untracked 
|   6|0x0000000704a00000, 0x0000000704b00000, 0x0000000704b00000|100%| O|  |TAMS 0x0000000704b00000, 0x0000000704a00000| Untracked 
|   7|0x0000000704b00000, 0x0000000704c00000, 0x0000000704c00000|100%| O|  |TAMS 0x0000000704c00000, 0x0000000704b00000| Untracked 
|   8|0x0000000704c00000, 0x0000000704c35a00, 0x0000000704d00000| 20%| O|  |TAMS 0x0000000704c35a00, 0x0000000704c00000| Untracked 
|   9|0x0000000704d00000, 0x0000000704d00000, 0x0000000704e00000|  0%| F|  |TAMS 0x0000000704d00000, 0x0000000704d00000| Untracked 
|  10|0x0000000704e00000, 0x0000000704e00000, 0x0000000704f00000|  0%| F|  |TAMS 0x0000000704e00000, 0x0000000704e00000| Untracked 
|  11|0x0000000704f00000, 0x0000000704f00000, 0x0000000705000000|  0%| F|  |TAMS 0x0000000704f00000, 0x0000000704f00000| Untracked 
|  12|0x0000000705000000, 0x0000000705000000, 0x0000000705100000|  0%| F|  |TAMS 0x0000000705000000, 0x0000000705000000| Untracked 
|  13|0x0000000705100000, 0x0000000705100000, 0x0000000705200000|  0%| F|  |TAMS 0x0000000705100000, 0x0000000705100000| Untracked 
|  14|0x0000000705200000, 0x0000000705200000, 0x0000000705300000|  0%| F|  |TAMS 0x0000000705200000, 0x0000000705200000| Untracked 
|  15|0x0000000705300000, 0x0000000705300000, 0x0000000705400000|  0%| F|  |TAMS 0x0000000705300000, 0x0000000705300000| Untracked 
|  16|0x0000000705400000, 0x0000000705400000, 0x0000000705500000|  0%| F|  |TAMS 0x0000000705400000, 0x0000000705400000| Untracked 
|  17|0x0000000705500000, 0x0000000705500000, 0x0000000705600000|  0%| F|  |TAMS 0x0000000705500000, 0x0000000705500000| Untracked 
|  18|0x0000000705600000, 0x0000000705600000, 0x0000000705700000|  0%| F|  |TAMS 0x0000000705600000, 0x0000000705600000| Untracked 
|  19|0x0000000705700000, 0x0000000705700000, 0x0000000705800000|  0%| F|  |TAMS 0x0000000705700000, 0x0000000705700000| Untracked 
|  20|0x0000000705800000, 0x0000000705800000, 0x0000000705900000|  0%| F|  |TAMS 0x0000000705800000, 0x0000000705800000| Untracked 
|  21|0x0000000705900000, 0x0000000705900000, 0x0000000705a00000|  0%| F|  |TAMS 0x0000000705900000, 0x0000000705900000| Untracked 
|  22|0x0000000705a00000, 0x0000000705a00000, 0x0000000705b00000|  0%| F|  |TAMS 0x0000000705a00000, 0x0000000705a00000| Untracked 
|  23|0x0000000705b00000, 0x0000000705b00000, 0x0000000705c00000|  0%| F|  |TAMS 0x0000000705b00000, 0x0000000705b00000| Untracked 
|  24|0x0000000705c00000, 0x0000000705c00000, 0x0000000705d00000|  0%| F|  |TAMS 0x0000000705c00000, 0x0000000705c00000| Untracked 
|  25|0x0000000705d00000, 0x0000000705d00000, 0x0000000705e00000|  0%| F|  |TAMS 0x0000000705d00000, 0x0000000705d00000| Untracked 
|  26|0x0000000705e00000, 0x0000000705e00000, 0x0000000705f00000|  0%| F|  |TAMS 0x0000000705e00000, 0x0000000705e00000| Untracked 
|  27|0x0000000705f00000, 0x0000000705f00000, 0x0000000706000000|  0%| F|  |TAMS 0x0000000705f00000, 0x0000000705f00000| Untracked 
|  28|0x0000000706000000, 0x0000000706000000, 0x0000000706100000|  0%| F|  |TAMS 0x0000000706000000, 0x0000000706000000| Untracked 
|  29|0x0000000706100000, 0x0000000706100000, 0x0000000706200000|  0%| F|  |TAMS 0x0000000706100000, 0x0000000706100000| Untracked 
|  30|0x0000000706200000, 0x0000000706200000, 0x0000000706300000|  0%| F|  |TAMS 0x0000000706200000, 0x0000000706200000| Untracked 
|  31|0x0000000706300000, 0x0000000706300000, 0x0000000706400000|  0%| F|  |TAMS 0x0000000706300000, 0x0000000706300000| Untracked 
|  32|0x0000000706400000, 0x0000000706400000, 0x0000000706500000|  0%| F|  |TAMS 0x0000000706400000, 0x0000000706400000| Untracked 
|  33|0x0000000706500000, 0x0000000706500000, 0x0000000706600000|  0%| F|  |TAMS 0x0000000706500000, 0x0000000706500000| Untracked 
|  34|0x0000000706600000, 0x0000000706600000, 0x0000000706700000|  0%| F|  |TAMS 0x0000000706600000, 0x0000000706600000| Untracked 
|  35|0x0000000706700000, 0x0000000706700000, 0x0000000706800000|  0%| F|  |TAMS 0x0000000706700000, 0x0000000706700000| Untracked 
|  36|0x0000000706800000, 0x0000000706800000, 0x0000000706900000|  0%| F|  |TAMS 0x0000000706800000, 0x0000000706800000| Untracked 
|  37|0x0000000706900000, 0x0000000706900000, 0x0000000706a00000|  0%| F|  |TAMS 0x0000000706900000, 0x0000000706900000| Untracked 
|  38|0x0000000706a00000, 0x0000000706a00000, 0x0000000706b00000|  0%| F|  |TAMS 0x0000000706a00000, 0x0000000706a00000| Untracked 
|  39|0x0000000706b00000, 0x0000000706b00000, 0x0000000706c00000|  0%| F|  |TAMS 0x0000000706b00000, 0x0000000706b00000| Untracked 
|  40|0x0000000706c00000, 0x0000000706c00000, 0x0000000706d00000|  0%| F|  |TAMS 0x0000000706c00000, 0x0000000706c00000| Untracked 
|  41|0x0000000706d00000, 0x0000000706d00000, 0x0000000706e00000|  0%| F|  |TAMS 0x0000000706d00000, 0x0000000706d00000| Untracked 
|  42|0x0000000706e00000, 0x0000000706e00000, 0x0000000706f00000|  0%| F|  |TAMS 0x0000000706e00000, 0x0000000706e00000| Untracked 
|  43|0x0000000706f00000, 0x0000000706f00000, 0x0000000707000000|  0%| F|  |TAMS 0x0000000706f00000, 0x0000000706f00000| Untracked 
|  44|0x0000000707000000, 0x0000000707000000, 0x0000000707100000|  0%| F|  |TAMS 0x0000000707000000, 0x0000000707000000| Untracked 
|  45|0x0000000707100000, 0x0000000707100000, 0x0000000707200000|  0%| F|  |TAMS 0x0000000707100000, 0x0000000707100000| Untracked 
|  46|0x0000000707200000, 0x0000000707200000, 0x0000000707300000|  0%| F|  |TAMS 0x0000000707200000, 0x0000000707200000| Untracked 
|  47|0x0000000707300000, 0x0000000707300000, 0x0000000707400000|  0%| F|  |TAMS 0x0000000707300000, 0x0000000707300000| Untracked 
|  48|0x0000000707400000, 0x0000000707400000, 0x0000000707500000|  0%| F|  |TAMS 0x0000000707400000, 0x0000000707400000| Untracked 
|  49|0x0000000707500000, 0x0000000707500000, 0x0000000707600000|  0%| F|  |TAMS 0x0000000707500000, 0x0000000707500000| Untracked 
|  50|0x0000000707600000, 0x0000000707600000, 0x0000000707700000|  0%| F|  |TAMS 0x0000000707600000, 0x0000000707600000| Untracked 
|  51|0x0000000707700000, 0x0000000707700000, 0x0000000707800000|  0%| F|  |TAMS 0x0000000707700000, 0x0000000707700000| Untracked 
|  52|0x0000000707800000, 0x0000000707800000, 0x0000000707900000|  0%| F|  |TAMS 0x0000000707800000, 0x0000000707800000| Untracked 
|  53|0x0000000707900000, 0x0000000707900000, 0x0000000707a00000|  0%| F|  |TAMS 0x0000000707900000, 0x0000000707900000| Untracked 
|  54|0x0000000707a00000, 0x0000000707a00000, 0x0000000707b00000|  0%| F|  |TAMS 0x0000000707a00000, 0x0000000707a00000| Untracked 
|  55|0x0000000707b00000, 0x0000000707b00000, 0x0000000707c00000|  0%| F|  |TAMS 0x0000000707b00000, 0x0000000707b00000| Untracked 
|  56|0x0000000707c00000, 0x0000000707c00000, 0x0000000707d00000|  0%| F|  |TAMS 0x0000000707c00000, 0x0000000707c00000| Untracked 
|  57|0x0000000707d00000, 0x0000000707d00000, 0x0000000707e00000|  0%| F|  |TAMS 0x0000000707d00000, 0x0000000707d00000| Untracked 
|  58|0x0000000707e00000, 0x0000000707e00000, 0x0000000707f00000|  0%| F|  |TAMS 0x0000000707e00000, 0x0000000707e00000| Untracked 
|  59|0x0000000707f00000, 0x0000000707f00000, 0x0000000708000000|  0%| F|  |TAMS 0x0000000707f00000, 0x0000000707f00000| Untracked 
|  60|0x0000000708000000, 0x0000000708000000, 0x0000000708100000|  0%| F|  |TAMS 0x0000000708000000, 0x0000000708000000| Untracked 
|  61|0x0000000708100000, 0x0000000708100000, 0x0000000708200000|  0%| F|  |TAMS 0x0000000708100000, 0x0000000708100000| Untracked 
|  62|0x0000000708200000, 0x0000000708200000, 0x0000000708300000|  0%| F|  |TAMS 0x0000000708200000, 0x0000000708200000| Untracked 
|  63|0x0000000708300000, 0x0000000708300000, 0x0000000708400000|  0%| F|  |TAMS 0x0000000708300000, 0x0000000708300000| Untracked 
|  64|0x0000000708400000, 0x0000000708400000, 0x0000000708500000|  0%| F|  |TAMS 0x0000000708400000, 0x0000000708400000| Untracked 
|  65|0x0000000708500000, 0x0000000708500000, 0x0000000708600000|  0%| F|  |TAMS 0x0000000708500000, 0x0000000708500000| Untracked 
|  66|0x0000000708600000, 0x0000000708600000, 0x0000000708700000|  0%| F|  |TAMS 0x0000000708600000, 0x0000000708600000| Untracked 
|  67|0x0000000708700000, 0x0000000708700000, 0x0000000708800000|  0%| F|  |TAMS 0x0000000708700000, 0x0000000708700000| Untracked 
|  68|0x0000000708800000, 0x0000000708800000, 0x0000000708900000|  0%| F|  |TAMS 0x0000000708800000, 0x0000000708800000| Untracked 
|  69|0x0000000708900000, 0x0000000708900000, 0x0000000708a00000|  0%| F|  |TAMS 0x0000000708900000, 0x0000000708900000| Untracked 
|  70|0x0000000708a00000, 0x0000000708a00000, 0x0000000708b00000|  0%| F|  |TAMS 0x0000000708a00000, 0x0000000708a00000| Untracked 
|  71|0x0000000708b00000, 0x0000000708b00000, 0x0000000708c00000|  0%| F|  |TAMS 0x0000000708b00000, 0x0000000708b00000| Untracked 
|  72|0x0000000708c00000, 0x0000000708c00000, 0x0000000708d00000|  0%| F|  |TAMS 0x0000000708c00000, 0x0000000708c00000| Untracked 
|  73|0x0000000708d00000, 0x0000000708d00000, 0x0000000708e00000|  0%| F|  |TAMS 0x0000000708d00000, 0x0000000708d00000| Untracked 
|  74|0x0000000708e00000, 0x0000000708e00000, 0x0000000708f00000|  0%| F|  |TAMS 0x0000000708e00000, 0x0000000708e00000| Untracked 
|  75|0x0000000708f00000, 0x0000000708f00000, 0x0000000709000000|  0%| F|  |TAMS 0x0000000708f00000, 0x0000000708f00000| Untracked 
|  76|0x0000000709000000, 0x0000000709000000, 0x0000000709100000|  0%| F|  |TAMS 0x0000000709000000, 0x0000000709000000| Untracked 
|  77|0x0000000709100000, 0x0000000709100000, 0x0000000709200000|  0%| F|  |TAMS 0x0000000709100000, 0x0000000709100000| Untracked 
|  78|0x0000000709200000, 0x0000000709200000, 0x0000000709300000|  0%| F|  |TAMS 0x0000000709200000, 0x0000000709200000| Untracked 
|  79|0x0000000709300000, 0x0000000709300000, 0x0000000709400000|  0%| F|  |TAMS 0x0000000709300000, 0x0000000709300000| Untracked 
|  80|0x0000000709400000, 0x0000000709400000, 0x0000000709500000|  0%| F|  |TAMS 0x0000000709400000, 0x0000000709400000| Untracked 
|  81|0x0000000709500000, 0x0000000709500000, 0x0000000709600000|  0%| F|  |TAMS 0x0000000709500000, 0x0000000709500000| Untracked 
|  82|0x0000000709600000, 0x0000000709600000, 0x0000000709700000|  0%| F|  |TAMS 0x0000000709600000, 0x0000000709600000| Untracked 
|  83|0x0000000709700000, 0x0000000709700000, 0x0000000709800000|  0%| F|  |TAMS 0x0000000709700000, 0x0000000709700000| Untracked 
|  84|0x0000000709800000, 0x0000000709800000, 0x0000000709900000|  0%| F|  |TAMS 0x0000000709800000, 0x0000000709800000| Untracked 
|  85|0x0000000709900000, 0x0000000709900000, 0x0000000709a00000|  0%| F|  |TAMS 0x0000000709900000, 0x0000000709900000| Untracked 
|  86|0x0000000709a00000, 0x0000000709a00000, 0x0000000709b00000|  0%| F|  |TAMS 0x0000000709a00000, 0x0000000709a00000| Untracked 
|  87|0x0000000709b00000, 0x0000000709b00000, 0x0000000709c00000|  0%| F|  |TAMS 0x0000000709b00000, 0x0000000709b00000| Untracked 
|  88|0x0000000709c00000, 0x0000000709c00000, 0x0000000709d00000|  0%| F|  |TAMS 0x0000000709c00000, 0x0000000709c00000| Untracked 
|  89|0x0000000709d00000, 0x0000000709d00000, 0x0000000709e00000|  0%| F|  |TAMS 0x0000000709d00000, 0x0000000709d00000| Untracked 
|  90|0x0000000709e00000, 0x0000000709e00000, 0x0000000709f00000|  0%| F|  |TAMS 0x0000000709e00000, 0x0000000709e00000| Untracked 
|  91|0x0000000709f00000, 0x0000000709f00000, 0x000000070a000000|  0%| F|  |TAMS 0x0000000709f00000, 0x0000000709f00000| Untracked 
|  92|0x000000070a000000, 0x000000070a000000, 0x000000070a100000|  0%| F|  |TAMS 0x000000070a000000, 0x000000070a000000| Untracked 
|  93|0x000000070a100000, 0x000000070a100000, 0x000000070a200000|  0%| F|  |TAMS 0x000000070a100000, 0x000000070a100000| Untracked 
|  94|0x000000070a200000, 0x000000070a200000, 0x000000070a300000|  0%| F|  |TAMS 0x000000070a200000, 0x000000070a200000| Untracked 
|  95|0x000000070a300000, 0x000000070a300000, 0x000000070a400000|  0%| F|  |TAMS 0x000000070a300000, 0x000000070a300000| Untracked 
|  96|0x000000070a400000, 0x000000070a400000, 0x000000070a500000|  0%| F|  |TAMS 0x000000070a400000, 0x000000070a400000| Untracked 
|  97|0x000000070a500000, 0x000000070a500000, 0x000000070a600000|  0%| F|  |TAMS 0x000000070a500000, 0x000000070a500000| Untracked 
|  98|0x000000070a600000, 0x000000070a600000, 0x000000070a700000|  0%| F|  |TAMS 0x000000070a600000, 0x000000070a600000| Untracked 
|  99|0x000000070a700000, 0x000000070a700000, 0x000000070a800000|  0%| F|  |TAMS 0x000000070a700000, 0x000000070a700000| Untracked 
| 100|0x000000070a800000, 0x000000070a800000, 0x000000070a900000|  0%| F|  |TAMS 0x000000070a800000, 0x000000070a800000| Untracked 
| 101|0x000000070a900000, 0x000000070a900000, 0x000000070aa00000|  0%| F|  |TAMS 0x000000070a900000, 0x000000070a900000| Untracked 
| 102|0x000000070aa00000, 0x000000070aa00000, 0x000000070ab00000|  0%| F|  |TAMS 0x000000070aa00000, 0x000000070aa00000| Untracked 
| 103|0x000000070ab00000, 0x000000070ab00000, 0x000000070ac00000|  0%| F|  |TAMS 0x000000070ab00000, 0x000000070ab00000| Untracked 
| 104|0x000000070ac00000, 0x000000070ac00000, 0x000000070ad00000|  0%| F|  |TAMS 0x000000070ac00000, 0x000000070ac00000| Untracked 
| 105|0x000000070ad00000, 0x000000070ad00000, 0x000000070ae00000|  0%| F|  |TAMS 0x000000070ad00000, 0x000000070ad00000| Untracked 
| 106|0x000000070ae00000, 0x000000070ae00000, 0x000000070af00000|  0%| F|  |TAMS 0x000000070ae00000, 0x000000070ae00000| Untracked 
| 107|0x000000070af00000, 0x000000070af00000, 0x000000070b000000|  0%| F|  |TAMS 0x000000070af00000, 0x000000070af00000| Untracked 
| 108|0x000000070b000000, 0x000000070b000000, 0x000000070b100000|  0%| F|  |TAMS 0x000000070b000000, 0x000000070b000000| Untracked 
| 109|0x000000070b100000, 0x000000070b100000, 0x000000070b200000|  0%| F|  |TAMS 0x000000070b100000, 0x000000070b100000| Untracked 
| 110|0x000000070b200000, 0x000000070b200000, 0x000000070b300000|  0%| F|  |TAMS 0x000000070b200000, 0x000000070b200000| Untracked 
| 111|0x000000070b300000, 0x000000070b300000, 0x000000070b400000|  0%| F|  |TAMS 0x000000070b300000, 0x000000070b300000| Untracked 
| 112|0x000000070b400000, 0x000000070b400000, 0x000000070b500000|  0%| F|  |TAMS 0x000000070b400000, 0x000000070b400000| Untracked 
| 113|0x000000070b500000, 0x000000070b500000, 0x000000070b600000|  0%| F|  |TAMS 0x000000070b500000, 0x000000070b500000| Untracked 
| 114|0x000000070b600000, 0x000000070b600000, 0x000000070b700000|  0%| F|  |TAMS 0x000000070b600000, 0x000000070b600000| Untracked 
| 115|0x000000070b700000, 0x000000070b700000, 0x000000070b800000|  0%| F|  |TAMS 0x000000070b700000, 0x000000070b700000| Untracked 
| 116|0x000000070b800000, 0x000000070b800000, 0x000000070b900000|  0%| F|  |TAMS 0x000000070b800000, 0x000000070b800000| Untracked 
| 117|0x000000070b900000, 0x000000070b900000, 0x000000070ba00000|  0%| F|  |TAMS 0x000000070b900000, 0x000000070b900000| Untracked 
| 118|0x000000070ba00000, 0x000000070ba00000, 0x000000070bb00000|  0%| F|  |TAMS 0x000000070ba00000, 0x000000070ba00000| Untracked 
| 119|0x000000070bb00000, 0x000000070bb00000, 0x000000070bc00000|  0%| F|  |TAMS 0x000000070bb00000, 0x000000070bb00000| Untracked 
| 120|0x000000070bc00000, 0x000000070bc00000, 0x000000070bd00000|  0%| F|  |TAMS 0x000000070bc00000, 0x000000070bc00000| Untracked 
| 121|0x000000070bd00000, 0x000000070bd00000, 0x000000070be00000|  0%| F|  |TAMS 0x000000070bd00000, 0x000000070bd00000| Untracked 
| 122|0x000000070be00000, 0x000000070be00000, 0x000000070bf00000|  0%| F|  |TAMS 0x000000070be00000, 0x000000070be00000| Untracked 
| 123|0x000000070bf00000, 0x000000070bf00000, 0x000000070c000000|  0%| F|  |TAMS 0x000000070bf00000, 0x000000070bf00000| Untracked 
| 124|0x000000070c000000, 0x000000070c000000, 0x000000070c100000|  0%| F|  |TAMS 0x000000070c000000, 0x000000070c000000| Untracked 
| 125|0x000000070c100000, 0x000000070c100000, 0x000000070c200000|  0%| F|  |TAMS 0x000000070c100000, 0x000000070c100000| Untracked 
| 126|0x000000070c200000, 0x000000070c200000, 0x000000070c300000|  0%| F|  |TAMS 0x000000070c200000, 0x000000070c200000| Untracked 
| 127|0x000000070c300000, 0x000000070c300000, 0x000000070c400000|  0%| F|  |TAMS 0x000000070c300000, 0x000000070c300000| Untracked 
| 128|0x000000070c400000, 0x000000070c400000, 0x000000070c500000|  0%| F|  |TAMS 0x000000070c400000, 0x000000070c400000| Untracked 
| 129|0x000000070c500000, 0x000000070c500000, 0x000000070c600000|  0%| F|  |TAMS 0x000000070c500000, 0x000000070c500000| Untracked 
| 130|0x000000070c600000, 0x000000070c600000, 0x000000070c700000|  0%| F|  |TAMS 0x000000070c600000, 0x000000070c600000| Untracked 
| 131|0x000000070c700000, 0x000000070c700000, 0x000000070c800000|  0%| F|  |TAMS 0x000000070c700000, 0x000000070c700000| Untracked 
| 132|0x000000070c800000, 0x000000070c800000, 0x000000070c900000|  0%| F|  |TAMS 0x000000070c800000, 0x000000070c800000| Untracked 
| 133|0x000000070c900000, 0x000000070c900000, 0x000000070ca00000|  0%| F|  |TAMS 0x000000070c900000, 0x000000070c900000| Untracked 
| 134|0x000000070ca00000, 0x000000070ca00000, 0x000000070cb00000|  0%| F|  |TAMS 0x000000070ca00000, 0x000000070ca00000| Untracked 
| 135|0x000000070cb00000, 0x000000070cb00000, 0x000000070cc00000|  0%| F|  |TAMS 0x000000070cb00000, 0x000000070cb00000| Untracked 
| 136|0x000000070cc00000, 0x000000070cc00000, 0x000000070cd00000|  0%| F|  |TAMS 0x000000070cc00000, 0x000000070cc00000| Untracked 
| 137|0x000000070cd00000, 0x000000070cd00000, 0x000000070ce00000|  0%| F|  |TAMS 0x000000070cd00000, 0x000000070cd00000| Untracked 
| 138|0x000000070ce00000, 0x000000070ce00000, 0x000000070cf00000|  0%| F|  |TAMS 0x000000070ce00000, 0x000000070ce00000| Untracked 
| 139|0x000000070cf00000, 0x000000070cf00000, 0x000000070d000000|  0%| F|  |TAMS 0x000000070cf00000, 0x000000070cf00000| Untracked 
| 140|0x000000070d000000, 0x000000070d000000, 0x000000070d100000|  0%| F|  |TAMS 0x000000070d000000, 0x000000070d000000| Untracked 
| 141|0x000000070d100000, 0x000000070d100000, 0x000000070d200000|  0%| F|  |TAMS 0x000000070d100000, 0x000000070d100000| Untracked 
| 142|0x000000070d200000, 0x000000070d200000, 0x000000070d300000|  0%| F|  |TAMS 0x000000070d200000, 0x000000070d200000| Untracked 
| 143|0x000000070d300000, 0x000000070d300000, 0x000000070d400000|  0%| F|  |TAMS 0x000000070d300000, 0x000000070d300000| Untracked 
| 144|0x000000070d400000, 0x000000070d400000, 0x000000070d500000|  0%| F|  |TAMS 0x000000070d400000, 0x000000070d400000| Untracked 
| 145|0x000000070d500000, 0x000000070d500000, 0x000000070d600000|  0%| F|  |TAMS 0x000000070d500000, 0x000000070d500000| Untracked 
| 146|0x000000070d600000, 0x000000070d600000, 0x000000070d700000|  0%| F|  |TAMS 0x000000070d600000, 0x000000070d600000| Untracked 
| 147|0x000000070d700000, 0x000000070d700000, 0x000000070d800000|  0%| F|  |TAMS 0x000000070d700000, 0x000000070d700000| Untracked 
| 148|0x000000070d800000, 0x000000070d800000, 0x000000070d900000|  0%| F|  |TAMS 0x000000070d800000, 0x000000070d800000| Untracked 
| 149|0x000000070d900000, 0x000000070d900000, 0x000000070da00000|  0%| F|  |TAMS 0x000000070d900000, 0x000000070d900000| Untracked 
| 150|0x000000070da00000, 0x000000070da00000, 0x000000070db00000|  0%| F|  |TAMS 0x000000070da00000, 0x000000070da00000| Untracked 
| 151|0x000000070db00000, 0x000000070db00000, 0x000000070dc00000|  0%| F|  |TAMS 0x000000070db00000, 0x000000070db00000| Untracked 
| 152|0x000000070dc00000, 0x000000070dc00000, 0x000000070dd00000|  0%| F|  |TAMS 0x000000070dc00000, 0x000000070dc00000| Untracked 
| 153|0x000000070dd00000, 0x000000070dd00000, 0x000000070de00000|  0%| F|  |TAMS 0x000000070dd00000, 0x000000070dd00000| Untracked 
| 154|0x000000070de00000, 0x000000070de00000, 0x000000070df00000|  0%| F|  |TAMS 0x000000070de00000, 0x000000070de00000| Untracked 
| 155|0x000000070df00000, 0x000000070df00000, 0x000000070e000000|  0%| F|  |TAMS 0x000000070df00000, 0x000000070df00000| Untracked 
| 156|0x000000070e000000, 0x000000070e000000, 0x000000070e100000|  0%| F|  |TAMS 0x000000070e000000, 0x000000070e000000| Untracked 
| 157|0x000000070e100000, 0x000000070e100000, 0x000000070e200000|  0%| F|  |TAMS 0x000000070e100000, 0x000000070e100000| Untracked 
| 158|0x000000070e200000, 0x000000070e200000, 0x000000070e300000|  0%| F|  |TAMS 0x000000070e200000, 0x000000070e200000| Untracked 
| 159|0x000000070e300000, 0x000000070e300000, 0x000000070e400000|  0%| F|  |TAMS 0x000000070e300000, 0x000000070e300000| Untracked 
| 160|0x000000070e400000, 0x000000070e400000, 0x000000070e500000|  0%| F|  |TAMS 0x000000070e400000, 0x000000070e400000| Untracked 
| 161|0x000000070e500000, 0x000000070e500000, 0x000000070e600000|  0%| F|  |TAMS 0x000000070e500000, 0x000000070e500000| Untracked 
| 162|0x000000070e600000, 0x000000070e600000, 0x000000070e700000|  0%| F|  |TAMS 0x000000070e600000, 0x000000070e600000| Untracked 
| 163|0x000000070e700000, 0x000000070e700000, 0x000000070e800000|  0%| F|  |TAMS 0x000000070e700000, 0x000000070e700000| Untracked 
| 164|0x000000070e800000, 0x000000070e800000, 0x000000070e900000|  0%| F|  |TAMS 0x000000070e800000, 0x000000070e800000| Untracked 
| 165|0x000000070e900000, 0x000000070e900000, 0x000000070ea00000|  0%| F|  |TAMS 0x000000070e900000, 0x000000070e900000| Untracked 
| 166|0x000000070ea00000, 0x000000070ea00000, 0x000000070eb00000|  0%| F|  |TAMS 0x000000070ea00000, 0x000000070ea00000| Untracked 
| 167|0x000000070eb00000, 0x000000070eb00000, 0x000000070ec00000|  0%| F|  |TAMS 0x000000070eb00000, 0x000000070eb00000| Untracked 
| 168|0x000000070ec00000, 0x000000070ec00000, 0x000000070ed00000|  0%| F|  |TAMS 0x000000070ec00000, 0x000000070ec00000| Untracked 
| 169|0x000000070ed00000, 0x000000070ed00000, 0x000000070ee00000|  0%| F|  |TAMS 0x000000070ed00000, 0x000000070ed00000| Untracked 
| 170|0x000000070ee00000, 0x000000070ee00000, 0x000000070ef00000|  0%| F|  |TAMS 0x000000070ee00000, 0x000000070ee00000| Untracked 
| 171|0x000000070ef00000, 0x000000070ef00000, 0x000000070f000000|  0%| F|  |TAMS 0x000000070ef00000, 0x000000070ef00000| Untracked 
| 172|0x000000070f000000, 0x000000070f000000, 0x000000070f100000|  0%| F|  |TAMS 0x000000070f000000, 0x000000070f000000| Untracked 
| 173|0x000000070f100000, 0x000000070f100000, 0x000000070f200000|  0%| F|  |TAMS 0x000000070f100000, 0x000000070f100000| Untracked 
| 174|0x000000070f200000, 0x000000070f200000, 0x000000070f300000|  0%| F|  |TAMS 0x000000070f200000, 0x000000070f200000| Untracked 
| 175|0x000000070f300000, 0x000000070f300000, 0x000000070f400000|  0%| F|  |TAMS 0x000000070f300000, 0x000000070f300000| Untracked 
| 176|0x000000070f400000, 0x000000070f400000, 0x000000070f500000|  0%| F|  |TAMS 0x000000070f400000, 0x000000070f400000| Untracked 
| 177|0x000000070f500000, 0x000000070f500000, 0x000000070f600000|  0%| F|  |TAMS 0x000000070f500000, 0x000000070f500000| Untracked 
| 178|0x000000070f600000, 0x000000070f600000, 0x000000070f700000|  0%| F|  |TAMS 0x000000070f600000, 0x000000070f600000| Untracked 
| 179|0x000000070f700000, 0x000000070f700000, 0x000000070f800000|  0%| F|  |TAMS 0x000000070f700000, 0x000000070f700000| Untracked 
| 180|0x000000070f800000, 0x000000070f800000, 0x000000070f900000|  0%| F|  |TAMS 0x000000070f800000, 0x000000070f800000| Untracked 
| 181|0x000000070f900000, 0x000000070f900000, 0x000000070fa00000|  0%| F|  |TAMS 0x000000070f900000, 0x000000070f900000| Untracked 
| 182|0x000000070fa00000, 0x000000070fa00000, 0x000000070fb00000|  0%| F|  |TAMS 0x000000070fa00000, 0x000000070fa00000| Untracked 
| 183|0x000000070fb00000, 0x000000070fb00000, 0x000000070fc00000|  0%| F|  |TAMS 0x000000070fb00000, 0x000000070fb00000| Untracked 
| 184|0x000000070fc00000, 0x000000070fc00000, 0x000000070fd00000|  0%| F|  |TAMS 0x000000070fc00000, 0x000000070fc00000| Untracked 
| 185|0x000000070fd00000, 0x000000070fd00000, 0x000000070fe00000|  0%| F|  |TAMS 0x000000070fd00000, 0x000000070fd00000| Untracked 
| 186|0x000000070fe00000, 0x000000070fe00000, 0x000000070ff00000|  0%| F|  |TAMS 0x000000070fe00000, 0x000000070fe00000| Untracked 
| 187|0x000000070ff00000, 0x000000070ff00000, 0x0000000710000000|  0%| F|  |TAMS 0x000000070ff00000, 0x000000070ff00000| Untracked 
| 188|0x0000000710000000, 0x0000000710000000, 0x0000000710100000|  0%| F|  |TAMS 0x0000000710000000, 0x0000000710000000| Untracked 
| 189|0x0000000710100000, 0x0000000710100000, 0x0000000710200000|  0%| F|  |TAMS 0x0000000710100000, 0x0000000710100000| Untracked 
| 190|0x0000000710200000, 0x0000000710200000, 0x0000000710300000|  0%| F|  |TAMS 0x0000000710200000, 0x0000000710200000| Untracked 
| 191|0x0000000710300000, 0x0000000710300000, 0x0000000710400000|  0%| F|  |TAMS 0x0000000710300000, 0x0000000710300000| Untracked 
| 192|0x0000000710400000, 0x0000000710400000, 0x0000000710500000|  0%| F|  |TAMS 0x0000000710400000, 0x0000000710400000| Untracked 
| 193|0x0000000710500000, 0x0000000710500000, 0x0000000710600000|  0%| F|  |TAMS 0x0000000710500000, 0x0000000710500000| Untracked 
| 194|0x0000000710600000, 0x0000000710600000, 0x0000000710700000|  0%| F|  |TAMS 0x0000000710600000, 0x0000000710600000| Untracked 
| 195|0x0000000710700000, 0x0000000710700000, 0x0000000710800000|  0%| F|  |TAMS 0x0000000710700000, 0x0000000710700000| Untracked 
| 196|0x0000000710800000, 0x0000000710800000, 0x0000000710900000|  0%| F|  |TAMS 0x0000000710800000, 0x0000000710800000| Untracked 
| 197|0x0000000710900000, 0x0000000710900000, 0x0000000710a00000|  0%| F|  |TAMS 0x0000000710900000, 0x0000000710900000| Untracked 
| 198|0x0000000710a00000, 0x0000000710a00000, 0x0000000710b00000|  0%| F|  |TAMS 0x0000000710a00000, 0x0000000710a00000| Untracked 
| 199|0x0000000710b00000, 0x0000000710b00000, 0x0000000710c00000|  0%| F|  |TAMS 0x0000000710b00000, 0x0000000710b00000| Untracked 
| 200|0x0000000710c00000, 0x0000000710c00000, 0x0000000710d00000|  0%| F|  |TAMS 0x0000000710c00000, 0x0000000710c00000| Untracked 
| 201|0x0000000710d00000, 0x0000000710d00000, 0x0000000710e00000|  0%| F|  |TAMS 0x0000000710d00000, 0x0000000710d00000| Untracked 
| 202|0x0000000710e00000, 0x0000000710e00000, 0x0000000710f00000|  0%| F|  |TAMS 0x0000000710e00000, 0x0000000710e00000| Untracked 
| 203|0x0000000710f00000, 0x0000000710f00000, 0x0000000711000000|  0%| F|  |TAMS 0x0000000710f00000, 0x0000000710f00000| Untracked 
| 204|0x0000000711000000, 0x0000000711000000, 0x0000000711100000|  0%| F|  |TAMS 0x0000000711000000, 0x0000000711000000| Untracked 
| 205|0x0000000711100000, 0x0000000711100000, 0x0000000711200000|  0%| F|  |TAMS 0x0000000711100000, 0x0000000711100000| Untracked 
| 206|0x0000000711200000, 0x0000000711200000, 0x0000000711300000|  0%| F|  |TAMS 0x0000000711200000, 0x0000000711200000| Untracked 
| 207|0x0000000711300000, 0x0000000711300000, 0x0000000711400000|  0%| F|  |TAMS 0x0000000711300000, 0x0000000711300000| Untracked 
| 208|0x0000000711400000, 0x0000000711400000, 0x0000000711500000|  0%| F|  |TAMS 0x0000000711400000, 0x0000000711400000| Untracked 
| 209|0x0000000711500000, 0x0000000711500000, 0x0000000711600000|  0%| F|  |TAMS 0x0000000711500000, 0x0000000711500000| Untracked 
| 210|0x0000000711600000, 0x0000000711600000, 0x0000000711700000|  0%| F|  |TAMS 0x0000000711600000, 0x0000000711600000| Untracked 
| 211|0x0000000711700000, 0x0000000711800000, 0x0000000711800000|100%| E|  |TAMS 0x0000000711700000, 0x0000000711700000| Complete 
| 212|0x0000000711800000, 0x0000000711900000, 0x0000000711900000|100%| E|CS|TAMS 0x0000000711800000, 0x0000000711800000| Complete 
| 213|0x0000000711900000, 0x0000000711a00000, 0x0000000711a00000|100%| E|CS|TAMS 0x0000000711900000, 0x0000000711900000| Complete 
| 214|0x0000000711a00000, 0x0000000711b00000, 0x0000000711b00000|100%| E|CS|TAMS 0x0000000711a00000, 0x0000000711a00000| Complete 
| 215|0x0000000711b00000, 0x0000000711c00000, 0x0000000711c00000|100%| E|CS|TAMS 0x0000000711b00000, 0x0000000711b00000| Complete 
| 216|0x0000000711c00000, 0x0000000711d00000, 0x0000000711d00000|100%| E|CS|TAMS 0x0000000711c00000, 0x0000000711c00000| Complete 
| 217|0x0000000711d00000, 0x0000000711e00000, 0x0000000711e00000|100%| E|CS|TAMS 0x0000000711d00000, 0x0000000711d00000| Complete 
| 218|0x0000000711e00000, 0x0000000711f00000, 0x0000000711f00000|100%| E|CS|TAMS 0x0000000711e00000, 0x0000000711e00000| Complete 
| 219|0x0000000711f00000, 0x0000000712000000, 0x0000000712000000|100%| E|CS|TAMS 0x0000000711f00000, 0x0000000711f00000| Complete 
| 220|0x0000000712000000, 0x0000000712100000, 0x0000000712100000|100%| E|CS|TAMS 0x0000000712000000, 0x0000000712000000| Complete 
| 221|0x0000000712100000, 0x0000000712200000, 0x0000000712200000|100%| E|CS|TAMS 0x0000000712100000, 0x0000000712100000| Complete 
| 222|0x0000000712200000, 0x0000000712300000, 0x0000000712300000|100%| E|CS|TAMS 0x0000000712200000, 0x0000000712200000| Complete 
| 223|0x0000000712300000, 0x0000000712400000, 0x0000000712400000|100%| E|CS|TAMS 0x0000000712300000, 0x0000000712300000| Complete 
| 224|0x0000000712400000, 0x0000000712500000, 0x0000000712500000|100%| E|CS|TAMS 0x0000000712400000, 0x0000000712400000| Complete 
| 225|0x0000000712500000, 0x0000000712600000, 0x0000000712600000|100%| E|CS|TAMS 0x0000000712500000, 0x0000000712500000| Complete 
| 226|0x0000000712600000, 0x0000000712700000, 0x0000000712700000|100%| E|CS|TAMS 0x0000000712600000, 0x0000000712600000| Complete 
| 227|0x0000000712700000, 0x0000000712800000, 0x0000000712800000|100%| E|CS|TAMS 0x0000000712700000, 0x0000000712700000| Complete 
| 228|0x0000000712800000, 0x0000000712900000, 0x0000000712900000|100%| E|CS|TAMS 0x0000000712800000, 0x0000000712800000| Complete 
| 229|0x0000000712900000, 0x0000000712a00000, 0x0000000712a00000|100%| E|CS|TAMS 0x0000000712900000, 0x0000000712900000| Complete 
| 230|0x0000000712a00000, 0x0000000712b00000, 0x0000000712b00000|100%| E|CS|TAMS 0x0000000712a00000, 0x0000000712a00000| Complete 
| 231|0x0000000712b00000, 0x0000000712c00000, 0x0000000712c00000|100%| E|CS|TAMS 0x0000000712b00000, 0x0000000712b00000| Complete 
| 232|0x0000000712c00000, 0x0000000712d00000, 0x0000000712d00000|100%| E|CS|TAMS 0x0000000712c00000, 0x0000000712c00000| Complete 
| 233|0x0000000712d00000, 0x0000000712e00000, 0x0000000712e00000|100%| E|CS|TAMS 0x0000000712d00000, 0x0000000712d00000| Complete 
| 234|0x0000000712e00000, 0x0000000712f00000, 0x0000000712f00000|100%| E|CS|TAMS 0x0000000712e00000, 0x0000000712e00000| Complete 
| 235|0x0000000712f00000, 0x0000000713000000, 0x0000000713000000|100%| E|CS|TAMS 0x0000000712f00000, 0x0000000712f00000| Complete 
| 236|0x0000000713000000, 0x0000000713100000, 0x0000000713100000|100%| E|CS|TAMS 0x0000000713000000, 0x0000000713000000| Complete 
| 237|0x0000000713100000, 0x0000000713200000, 0x0000000713200000|100%| E|CS|TAMS 0x0000000713100000, 0x0000000713100000| Complete 
| 238|0x0000000713200000, 0x0000000713300000, 0x0000000713300000|100%| E|CS|TAMS 0x0000000713200000, 0x0000000713200000| Complete 
| 239|0x0000000713300000, 0x0000000713400000, 0x0000000713400000|100%| E|CS|TAMS 0x0000000713300000, 0x0000000713300000| Complete 
| 240|0x0000000713400000, 0x0000000713500000, 0x0000000713500000|100%| E|CS|TAMS 0x0000000713400000, 0x0000000713400000| Complete 
| 241|0x0000000713500000, 0x0000000713600000, 0x0000000713600000|100%| E|CS|TAMS 0x0000000713500000, 0x0000000713500000| Complete 
| 242|0x0000000713600000, 0x0000000713700000, 0x0000000713700000|100%| E|CS|TAMS 0x0000000713600000, 0x0000000713600000| Complete 
| 243|0x0000000713700000, 0x0000000713800000, 0x0000000713800000|100%| E|CS|TAMS 0x0000000713700000, 0x0000000713700000| Complete 
| 244|0x0000000713800000, 0x0000000713900000, 0x0000000713900000|100%| E|CS|TAMS 0x0000000713800000, 0x0000000713800000| Complete 
| 245|0x0000000713900000, 0x0000000713a00000, 0x0000000713a00000|100%| E|CS|TAMS 0x0000000713900000, 0x0000000713900000| Complete 
| 246|0x0000000713a00000, 0x0000000713b00000, 0x0000000713b00000|100%| E|CS|TAMS 0x0000000713a00000, 0x0000000713a00000| Complete 
| 247|0x0000000713b00000, 0x0000000713c00000, 0x0000000713c00000|100%| E|CS|TAMS 0x0000000713b00000, 0x0000000713b00000| Complete 
| 248|0x0000000713c00000, 0x0000000713d00000, 0x0000000713d00000|100%| E|CS|TAMS 0x0000000713c00000, 0x0000000713c00000| Complete 
| 249|0x0000000713d00000, 0x0000000713e00000, 0x0000000713e00000|100%| E|CS|TAMS 0x0000000713d00000, 0x0000000713d00000| Complete 
| 250|0x0000000713e00000, 0x0000000713f00000, 0x0000000713f00000|100%| E|CS|TAMS 0x0000000713e00000, 0x0000000713e00000| Complete 
| 251|0x0000000713f00000, 0x0000000714000000, 0x0000000714000000|100%| E|CS|TAMS 0x0000000713f00000, 0x0000000713f00000| Complete 
| 252|0x0000000714000000, 0x0000000714100000, 0x0000000714100000|100%| E|CS|TAMS 0x0000000714000000, 0x0000000714000000| Complete 
| 253|0x0000000714100000, 0x0000000714200000, 0x0000000714200000|100%| E|CS|TAMS 0x0000000714100000, 0x0000000714100000| Complete 
| 254|0x0000000714200000, 0x0000000714300000, 0x0000000714300000|100%| E|CS|TAMS 0x0000000714200000, 0x0000000714200000| Complete 
| 255|0x0000000714300000, 0x0000000714400000, 0x0000000714400000|100%| E|CS|TAMS 0x0000000714300000, 0x0000000714300000| Complete 
| 256|0x0000000714400000, 0x0000000714500000, 0x0000000714500000|100%| E|CS|TAMS 0x0000000714400000, 0x0000000714400000| Complete 
| 257|0x0000000714500000, 0x0000000714600000, 0x0000000714600000|100%| E|CS|TAMS 0x0000000714500000, 0x0000000714500000| Complete 
| 258|0x0000000714600000, 0x0000000714700000, 0x0000000714700000|100%| E|CS|TAMS 0x0000000714600000, 0x0000000714600000| Complete 
| 259|0x0000000714700000, 0x0000000714800000, 0x0000000714800000|100%| E|CS|TAMS 0x0000000714700000, 0x0000000714700000| Complete 
| 260|0x0000000714800000, 0x0000000714900000, 0x0000000714900000|100%| E|CS|TAMS 0x0000000714800000, 0x0000000714800000| Complete 
| 261|0x0000000714900000, 0x0000000714a00000, 0x0000000714a00000|100%| E|CS|TAMS 0x0000000714900000, 0x0000000714900000| Complete 
| 262|0x0000000714a00000, 0x0000000714b00000, 0x0000000714b00000|100%| E|CS|TAMS 0x0000000714a00000, 0x0000000714a00000| Complete 
| 263|0x0000000714b00000, 0x0000000714c00000, 0x0000000714c00000|100%| E|CS|TAMS 0x0000000714b00000, 0x0000000714b00000| Complete 
| 264|0x0000000714c00000, 0x0000000714d00000, 0x0000000714d00000|100%| E|CS|TAMS 0x0000000714c00000, 0x0000000714c00000| Complete 
| 265|0x0000000714d00000, 0x0000000714e00000, 0x0000000714e00000|100%| E|CS|TAMS 0x0000000714d00000, 0x0000000714d00000| Complete 
| 266|0x0000000714e00000, 0x0000000714f00000, 0x0000000714f00000|100%| E|CS|TAMS 0x0000000714e00000, 0x0000000714e00000| Complete 
| 267|0x0000000714f00000, 0x0000000714fd48c8, 0x0000000715000000| 83%| S|CS|TAMS 0x0000000714f00000, 0x0000000714f00000| Complete 
| 268|0x0000000715000000, 0x0000000715100000, 0x0000000715100000|100%| S|CS|TAMS 0x0000000715000000, 0x0000000715000000| Complete 
| 269|0x0000000715100000, 0x0000000715200000, 0x0000000715200000|100%| S|CS|TAMS 0x0000000715100000, 0x0000000715100000| Complete 
| 270|0x0000000715200000, 0x0000000715300000, 0x0000000715300000|100%| S|CS|TAMS 0x0000000715200000, 0x0000000715200000| Complete 
| 271|0x0000000715300000, 0x0000000715400000, 0x0000000715400000|100%| S|CS|TAMS 0x0000000715300000, 0x0000000715300000| Complete 
| 272|0x0000000715400000, 0x0000000715500000, 0x0000000715500000|100%| S|CS|TAMS 0x0000000715400000, 0x0000000715400000| Complete 
| 273|0x0000000715500000, 0x0000000715600000, 0x0000000715600000|100%| S|CS|TAMS 0x0000000715500000, 0x0000000715500000| Complete 
| 274|0x0000000715600000, 0x0000000715700000, 0x0000000715700000|100%| S|CS|TAMS 0x0000000715600000, 0x0000000715600000| Complete 
| 275|0x0000000715700000, 0x0000000715800000, 0x0000000715800000|100%| S|CS|TAMS 0x0000000715700000, 0x0000000715700000| Complete 
| 276|0x0000000715800000, 0x0000000715900000, 0x0000000715900000|100%| S|CS|TAMS 0x0000000715800000, 0x0000000715800000| Complete 
| 277|0x0000000715900000, 0x0000000715a00000, 0x0000000715a00000|100%| S|CS|TAMS 0x0000000715900000, 0x0000000715900000| Complete 
| 278|0x0000000715a00000, 0x0000000715b00000, 0x0000000715b00000|100%| S|CS|TAMS 0x0000000715a00000, 0x0000000715a00000| Complete 
| 279|0x0000000715b00000, 0x0000000715c00000, 0x0000000715c00000|100%| S|CS|TAMS 0x0000000715b00000, 0x0000000715b00000| Complete 
| 280|0x0000000715c00000, 0x0000000715d00000, 0x0000000715d00000|100%| E|CS|TAMS 0x0000000715c00000, 0x0000000715c00000| Complete 
| 281|0x0000000715d00000, 0x0000000715e00000, 0x0000000715e00000|100%| E|CS|TAMS 0x0000000715d00000, 0x0000000715d00000| Complete 
| 282|0x0000000715e00000, 0x0000000715f00000, 0x0000000715f00000|100%| E|CS|TAMS 0x0000000715e00000, 0x0000000715e00000| Complete 
| 283|0x0000000715f00000, 0x0000000716000000, 0x0000000716000000|100%| E|CS|TAMS 0x0000000715f00000, 0x0000000715f00000| Complete 
| 284|0x0000000716000000, 0x0000000716100000, 0x0000000716100000|100%| E|CS|TAMS 0x0000000716000000, 0x0000000716000000| Complete 
| 285|0x0000000716100000, 0x0000000716200000, 0x0000000716200000|100%| E|CS|TAMS 0x0000000716100000, 0x0000000716100000| Complete 
| 286|0x0000000716200000, 0x0000000716300000, 0x0000000716300000|100%| E|CS|TAMS 0x0000000716200000, 0x0000000716200000| Complete 
| 287|0x0000000716300000, 0x0000000716400000, 0x0000000716400000|100%| E|CS|TAMS 0x0000000716300000, 0x0000000716300000| Complete 
| 288|0x0000000716400000, 0x0000000716500000, 0x0000000716500000|100%| E|CS|TAMS 0x0000000716400000, 0x0000000716400000| Complete 
| 289|0x0000000716500000, 0x0000000716600000, 0x0000000716600000|100%| E|CS|TAMS 0x0000000716500000, 0x0000000716500000| Complete 
| 290|0x0000000716600000, 0x0000000716700000, 0x0000000716700000|100%| E|CS|TAMS 0x0000000716600000, 0x0000000716600000| Complete 
| 291|0x0000000716700000, 0x0000000716800000, 0x0000000716800000|100%| E|CS|TAMS 0x0000000716700000, 0x0000000716700000| Complete 
| 292|0x0000000716800000, 0x0000000716900000, 0x0000000716900000|100%| E|CS|TAMS 0x0000000716800000, 0x0000000716800000| Complete 
| 293|0x0000000716900000, 0x0000000716a00000, 0x0000000716a00000|100%| E|CS|TAMS 0x0000000716900000, 0x0000000716900000| Complete 
| 294|0x0000000716a00000, 0x0000000716b00000, 0x0000000716b00000|100%| E|CS|TAMS 0x0000000716a00000, 0x0000000716a00000| Complete 
| 295|0x0000000716b00000, 0x0000000716c00000, 0x0000000716c00000|100%| E|CS|TAMS 0x0000000716b00000, 0x0000000716b00000| Complete 
| 296|0x0000000716c00000, 0x0000000716d00000, 0x0000000716d00000|100%| E|CS|TAMS 0x0000000716c00000, 0x0000000716c00000| Complete 
| 297|0x0000000716d00000, 0x0000000716e00000, 0x0000000716e00000|100%| E|CS|TAMS 0x0000000716d00000, 0x0000000716d00000| Complete 
| 298|0x0000000716e00000, 0x0000000716f00000, 0x0000000716f00000|100%| E|CS|TAMS 0x0000000716e00000, 0x0000000716e00000| Complete 
| 299|0x0000000716f00000, 0x0000000717000000, 0x0000000717000000|100%| E|CS|TAMS 0x0000000716f00000, 0x0000000716f00000| Complete 
| 300|0x0000000717000000, 0x0000000717100000, 0x0000000717100000|100%| E|CS|TAMS 0x0000000717000000, 0x0000000717000000| Complete 
| 301|0x0000000717100000, 0x0000000717200000, 0x0000000717200000|100%| E|CS|TAMS 0x0000000717100000, 0x0000000717100000| Complete 
| 302|0x0000000717200000, 0x0000000717300000, 0x0000000717300000|100%| E|CS|TAMS 0x0000000717200000, 0x0000000717200000| Complete 

Card table byte_map: [0x0000022540fa0000,0x0000022541780000] _byte_map_base: 0x000002253d77e000

Marking Bits (Prev, Next): (CMBitMap*) 0x0000022528a66d20, (CMBitMap*) 0x0000022528a66ce8
 Prev Bits: [0x0000022545e50000, 0x0000022549d40000)
 Next Bits: [0x0000022541f60000, 0x0000022545e50000)

Polling page: 0x0000022528090000

Metaspace:

Usage:
  Non-class:     57.91 MB capacity,    56.92 MB ( 98%) used,   800.12 KB (  1%) free+waste,   212.31 KB ( <1%) overhead. 
      Class:      8.84 MB capacity,     8.22 MB ( 93%) used,   531.23 KB (  6%) free+waste,    99.13 KB (  1%) overhead. 
       Both:     66.75 MB capacity,    65.15 MB ( 98%) used,     1.30 MB (  2%) free+waste,   311.44 KB ( <1%) overhead. 

Virtual space:
  Non-class space:       60.00 MB reserved,      58.00 MB ( 97%) committed 
      Class space:        1.00 GB reserved,       8.88 MB ( <1%) committed 
             Both:        1.06 GB reserved,      66.88 MB (  6%) committed 

Chunk freelists:
   Non-Class:  3.25 KB
       Class:  768 bytes
        Both:  4.00 KB

CodeHeap 'non-profiled nmethods': size=119168Kb used=4898Kb max_used=4907Kb free=114269Kb
 bounds [0x00000225388b0000, 0x0000022538d80000, 0x000002253fd10000]
CodeHeap 'profiled nmethods': size=119168Kb used=12701Kb max_used=12820Kb free=106466Kb
 bounds [0x0000022531450000, 0x00000225320e0000, 0x00000225388b0000]
CodeHeap 'non-nmethods': size=7424Kb used=1240Kb max_used=2461Kb free=6183Kb
 bounds [0x0000022530d10000, 0x0000022530f80000, 0x0000022531450000]
 total_blobs=7950 nmethods=5415 adapters=518
 compilation: enabled
              stopped_count=0, restarted_count=0
 full_count=0

Compilation events (10 events):
Event: 24.839 Thread 0x000002254da48000 nmethod 5701 0x00000225320d8c10 code [0x00000225320d8dc0, 0x00000225320d8f30]
Event: 24.839 Thread 0x000002254da48000 5702       3       org.springframework.aop.support.AopUtils::isHashCodeMethod (5 bytes)
Event: 24.839 Thread 0x000002254da48000 nmethod 5702 0x00000225320d9010 code [0x00000225320d91e0, 0x00000225320d9530]
Event: 24.839 Thread 0x000002254da48000 5703       3       org.springframework.core.annotation.AttributeMethods::isAttributeMethod (23 bytes)
Event: 24.840 Thread 0x000002254da48000 nmethod 5703 0x00000225320d9690 code [0x00000225320d9860, 0x00000225320d9ad8]
Event: 24.842 Thread 0x000002254da42000 5704       4       java.util.HashMap::isEmpty (13 bytes)
Event: 24.842 Thread 0x000002254da42000 nmethod 5704 0x0000022538d7a690 code [0x0000022538d7a820, 0x0000022538d7a898]
Event: 24.846 Thread 0x000002254da48000 5705       1       com.mysql.cj.jdbc.ConnectionImpl::getSession (5 bytes)
Event: 24.846 Thread 0x000002254da48000 nmethod 5705 0x0000022538d7a910 code [0x0000022538d7aac0, 0x0000022538d7abd8]
Event: 24.850 Thread 0x000002254da42000 5706   !   4       java.util.concurrent.ConcurrentHashMap::putVal (432 bytes)

GC Heap History (10 events):
Event: 1.257 GC heap before
{Heap before GC invocations=3 (full 0):
 garbage-first heap   total 258048K, used 66960K [0x0000000704400000, 0x0000000800000000)
  region size 1024K, 63 young (64512K), 5 survivors (5120K)
 Metaspace       used 24220K, capacity 24887K, committed 25088K, reserved 1071104K
  class space    used 2710K, capacity 2955K, committed 3072K, reserved 1048576K
}
Event: 1.263 GC heap after
{Heap after GC invocations=4 (full 0):
 garbage-first heap   total 258048K, used 9794K [0x0000000704400000, 0x0000000800000000)
  region size 1024K, 4 young (4096K), 4 survivors (4096K)
 Metaspace       used 24220K, capacity 24887K, committed 25088K, reserved 1071104K
  class space    used 2710K, capacity 2955K, committed 3072K, reserved 1048576K
}
Event: 2.482 GC heap before
{Heap before GC invocations=4 (full 0):
 garbage-first heap   total 258048K, used 89666K [0x0000000704400000, 0x0000000800000000)
  region size 1024K, 83 young (84992K), 4 survivors (4096K)
 Metaspace       used 31719K, capacity 32545K, committed 32768K, reserved 1077248K
  class space    used 3677K, capacity 4002K, committed 4096K, reserved 1048576K
}
Event: 2.489 GC heap after
{Heap after GC invocations=5 (full 0):
 garbage-first heap   total 258048K, used 13253K [0x0000000704400000, 0x0000000800000000)
  region size 1024K, 7 young (7168K), 7 survivors (7168K)
 Metaspace       used 31719K, capacity 32545K, committed 32768K, reserved 1077248K
  class space    used 3677K, capacity 4002K, committed 4096K, reserved 1048576K
}
Event: 3.046 GC heap before
{Heap before GC invocations=5 (full 0):
 garbage-first heap   total 258048K, used 33733K [0x0000000704400000, 0x0000000800000000)
  region size 1024K, 28 young (28672K), 7 survivors (7168K)
 Metaspace       used 34762K, capacity 35749K, committed 35840K, reserved 1081344K
  class space    used 4037K, capacity 4452K, committed 4480K, reserved 1048576K
}
Event: 3.056 GC heap after
{Heap after GC invocations=6 (full 0):
 garbage-first heap   total 310272K, used 14506K [0x0000000704400000, 0x0000000800000000)
  region size 1024K, 8 young (8192K), 8 survivors (8192K)
 Metaspace       used 34762K, capacity 35749K, committed 35840K, reserved 1081344K
  class space    used 4037K, capacity 4452K, committed 4480K, reserved 1048576K
}
Event: 4.965 GC heap before
{Heap before GC invocations=7 (full 0):
 garbage-first heap   total 310272K, used 190634K [0x0000000704400000, 0x0000000800000000)
  region size 1024K, 181 young (185344K), 8 survivors (8192K)
 Metaspace       used 55531K, capacity 56733K, committed 56832K, reserved 1099776K
  class space    used 6914K, capacity 7407K, committed 7424K, reserved 1048576K
}
Event: 4.979 GC heap after
{Heap after GC invocations=8 (full 0):
 garbage-first heap   total 310272K, used 20383K [0x0000000704400000, 0x0000000800000000)
  region size 1024K, 14 young (14336K), 14 survivors (14336K)
 Metaspace       used 55531K, capacity 56733K, committed 56832K, reserved 1099776K
  class space    used 6914K, capacity 7407K, committed 7424K, reserved 1048576K
}
Event: 5.316 GC heap before
{Heap before GC invocations=8 (full 0):
 garbage-first heap   total 310272K, used 42911K [0x0000000704400000, 0x0000000800000000)
  region size 1024K, 37 young (37888K), 14 survivors (14336K)
 Metaspace       used 58860K, capacity 60114K, committed 60160K, reserved 1101824K
  class space    used 7381K, capacity 7890K, committed 7936K, reserved 1048576K
}
Event: 5.329 GC heap after
{Heap after GC invocations=9 (full 0):
 garbage-first heap   total 310272K, used 21544K [0x0000000704400000, 0x0000000800000000)
  region size 1024K, 13 young (13312K), 13 survivors (13312K)
 Metaspace       used 58860K, capacity 60114K, committed 60160K, reserved 1101824K
  class space    used 7381K, capacity 7890K, committed 7936K, reserved 1048576K
}

Deoptimization events (10 events):
Event: 6.385 Thread 0x0000022528a01000 Uncommon trap: reason=unstable_if action=reinterpret pc=0x0000022538c2a4b0 method=org.springframework.beans.factory.support.AbstractBeanFactory.isTypeMatch(Ljava/lang/String;Lorg/springframework/core/ResolvableType;Z)Z @ 34 c2
Event: 6.468 Thread 0x0000022528a01000 Uncommon trap: reason=unstable_if action=reinterpret pc=0x0000022538a7e504 method=org.springframework.beans.factory.support.DefaultSingletonBeanRegistry.getSingleton(Ljava/lang/String;Z)Ljava/lang/Object; @ 39 c2
Event: 6.468 Thread 0x0000022528a01000 Uncommon trap: reason=unstable_if action=reinterpret pc=0x0000022538b7a774 method=java.util.Collections$SetFromMap.add(Ljava/lang/Object;)Z @ 13 c2
Event: 6.559 Thread 0x0000022528a01000 Uncommon trap: reason=class_check action=maybe_recompile pc=0x0000022538b37cc8 method=org.springframework.boot.context.properties.source.ConfigurationPropertyName$Elements.charAt(II)C @ 43 c2
Event: 6.559 Thread 0x0000022528a01000 Uncommon trap: reason=class_check action=maybe_recompile pc=0x0000022538b37cc8 method=org.springframework.boot.context.properties.source.ConfigurationPropertyName$Elements.charAt(II)C @ 43 c2
Event: 6.582 Thread 0x0000022528a01000 Uncommon trap: reason=null_check action=make_not_entrant pc=0x00000225389fd1fc method=org.springframework.util.ClassUtils.isAssignable(Ljava/lang/Class;Ljava/lang/Class;)Z @ 14 c2
Event: 6.712 Thread 0x0000022528a01000 Uncommon trap: reason=unstable_if action=reinterpret pc=0x0000022538943bfc method=org.springframework.util.ConcurrentReferenceHashMap$Segment.clear()V @ 7 c2
Event: 6.717 Thread 0x0000022528a01000 Uncommon trap: reason=class_check action=maybe_recompile pc=0x0000022538c64f58 method=java.util.Collections$2.tryAdvance(Ljava/util/function/Consumer;)Z @ 29 c2
Event: 24.842 Thread 0x000002255ad32000 Uncommon trap: reason=speculate_class_check action=maybe_recompile pc=0x0000022538cdba50 method=org.springframework.transaction.interceptor.AbstractFallbackTransactionAttributeSource.getTransactionAttribute(Ljava/lang/reflect/Method;Ljava/lang/Class;)Lorg
Event: 24.842 Thread 0x000002255ad32000 Uncommon trap: reason=unstable_if action=reinterpret pc=0x0000022538cae254 method=org.springframework.transaction.annotation.SpringTransactionAnnotationParser.parseTransactionAnnotation(Ljava/lang/reflect/AnnotatedElement;)Lorg/springframework/transaction

Classes redefined (0 events):
No events

Internal exceptions (10 events):
Event: 5.921 Thread 0x0000022528a01000 Exception <a 'java/lang/ClassNotFoundException'{0x0000000714276640}: org/springframework/beans/factory/AwareCustomizer> (0x0000000714276640) thrown at [t:/workspace/open/src/hotspot/share/classfile/systemDictionary.cpp, line 231]
Event: 6.163 Thread 0x0000022528a01000 Exception <a 'java/lang/NoSuchMethodError'{0x0000000713954fe8}: java.lang.invoke.DirectMethodHandle$Holder.invokeVirtual(Ljava/lang/Object;Ljava/lang/Object;I)V> (0x0000000713954fe8) thrown at [t:/workspace/open/src/hotspot/share/interpreter/linkResolver.
Event: 6.170 Thread 0x0000022528a01000 Exception <a 'java/lang/NoSuchMethodError'{0x000000071396edd0}: java.lang.invoke.DirectMethodHandle$Holder.invokeVirtual(Ljava/lang/Object;Ljava/lang/Object;J)V> (0x000000071396edd0) thrown at [t:/workspace/open/src/hotspot/share/interpreter/linkResolver.
Event: 6.252 Thread 0x0000022528a01000 Exception <a 'java/lang/NoSuchMethodError'{0x00000007136dfb70}: java.lang.invoke.DirectMethodHandle$Holder.newInvokeSpecial(Ljava/lang/Object;Ljava/lang/Object;Ljava/lang/Object;Ljava/lang/Object;Ljava/lang/Object;)Ljava/lang/Object;> (0x00000007136dfb70)
Event: 6.397 Thread 0x0000022528a01000 Exception <a 'java/lang/IncompatibleClassChangeError'{0x0000000713177378}: Found class java.lang.Object, but interface was expected> (0x0000000713177378) thrown at [t:/workspace/open/src/hotspot/share/interpreter/linkResolver.cpp, line 838]
Event: 6.582 Thread 0x0000022528a01000 Implicit null exception at 0x00000225389fcfd7 to 0x00000225389fd1e6
Event: 6.656 Thread 0x0000022528a01000 Exception <a 'java/lang/NoSuchMethodError'{0x0000000712880b88}: java.lang.invoke.DirectMethodHandle$Holder.invokeSpecial(Ljava/lang/Object;Ljava/lang/Object;ILjava/lang/Object;ILjava/lang/Object;)Ljava/lang/Object;> (0x0000000712880b88) thrown at [t:/work
Event: 6.657 Thread 0x0000022528a01000 Exception <a 'java/lang/NoSuchMethodError'{0x0000000712888068}: java.lang.invoke.DirectMethodHandle$Holder.invokeStatic(Ljava/lang/Object;Ljava/lang/Object;ILjava/lang/Object;I)Ljava/lang/Object;> (0x0000000712888068) thrown at [t:/workspace/open/src/hots
Event: 6.657 Thread 0x0000022528a01000 Exception <a 'java/lang/NoSuchMethodError'{0x000000071288b840}: java.lang.invoke.DirectMethodHandle$Holder.invokeSpecial(Ljava/lang/Object;Ljava/lang/Object;Ljava/lang/Object;ILjava/lang/Object;I)Ljava/lang/Object;> (0x000000071288b840) thrown at [t:/work
Event: 6.658 Thread 0x0000022528a01000 Exception <a 'java/lang/NoSuchMethodError'{0x0000000712897610}: java.lang.invoke.DirectMethodHandle$Holder.invokeVirtual(Ljava/lang/Object;Ljava/lang/Object;)V> (0x0000000712897610) thrown at [t:/workspace/open/src/hotspot/share/interpreter/linkResolver.c

Events (10 events):
Event: 24.854 loading class org/hibernate/query/criteria/internal/ParameterRegistry
Event: 24.854 loading class org/hibernate/query/criteria/internal/ParameterRegistry done
Event: 24.855 loading class javax/persistence/criteria/Subquery
Event: 24.855 loading class javax/persistence/criteria/Subquery done
Event: 24.855 Thread 0x000002254da49800 flushing nmethod 0x0000022531787810
Event: 24.855 Thread 0x000002254da49800 flushing nmethod 0x00000225318cd790
Event: 24.855 loading class org/hibernate/query/criteria/internal/path/RootImpl
Event: 24.855 loading class org/hibernate/query/criteria/internal/path/RootImpl done
Event: 24.855 loading class org/hibernate/query/criteria/internal/path/AbstractFromImpl
Event: 24.855 loading class org/hibernate/query/criteria/internal/path/AbstractFromImpl done


Dynamic libraries:
0x00007ff6d3b50000 - 0x00007ff6d3b95000 	C:\Program Files\Java\jdk-11.0.2\bin\java.exe
0x00007fff9bcf0000 - 0x00007fff9bf07000 	C:\Windows\SYSTEM32\ntdll.dll
0x00007fff9afc0000 - 0x00007fff9b084000 	C:\Windows\System32\KERNEL32.DLL
0x00007fff99150000 - 0x00007fff994f6000 	C:\Windows\System32\KERNELBASE.dll
0x00007fff9b530000 - 0x00007fff9b6de000 	C:\Windows\System32\USER32.dll
0x00007fff99940000 - 0x00007fff99966000 	C:\Windows\System32\win32u.dll
0x00007fff9b1b0000 - 0x00007fff9b1d9000 	C:\Windows\System32\GDI32.dll
0x00007fff99820000 - 0x00007fff99938000 	C:\Windows\System32\gdi32full.dll
0x00007fff99970000 - 0x00007fff99a0a000 	C:\Windows\System32\msvcp_win.dll
0x00007fff99030000 - 0x00007fff99141000 	C:\Windows\System32\ucrtbase.dll
0x00007fff7b470000 - 0x00007fff7b703000 	C:\Windows\WinSxS\amd64_microsoft.windows.common-controls_6595b64144ccf1df_6.0.22621.2506_none_270c5ae97388e100\COMCTL32.dll
0x00007fff9a6b0000 - 0x00007fff9a757000 	C:\Windows\System32\msvcrt.dll
0x00007fff9b170000 - 0x00007fff9b1a1000 	C:\Windows\System32\IMM32.DLL
0x00007fff93dd0000 - 0x00007fff93de6000 	C:\Program Files\Java\jdk-11.0.2\bin\vcruntime140.dll
0x00007fff64d60000 - 0x00007fff64e0a000 	C:\Program Files\Java\jdk-11.0.2\bin\msvcp140.dll
0x00007fff1f000000 - 0x00007fff1fb23000 	C:\Program Files\Java\jdk-11.0.2\bin\server\jvm.dll
0x00007fff9b8f0000 - 0x00007fff9b9a1000 	C:\Windows\System32\ADVAPI32.dll
0x00007fff99a70000 - 0x00007fff99b15000 	C:\Windows\System32\sechost.dll
0x00007fff9b750000 - 0x00007fff9b867000 	C:\Windows\System32\RPCRT4.dll
0x00007fff9ac20000 - 0x00007fff9ac28000 	C:\Windows\System32\PSAPI.DLL
0x00007fff8e080000 - 0x00007fff8e089000 	C:\Windows\SYSTEM32\WSOCK32.dll
0x00007fff8f3e0000 - 0x00007fff8f3ea000 	C:\Windows\SYSTEM32\VERSION.dll
0x00007fff9b870000 - 0x00007fff9b8e1000 	C:\Windows\System32\WS2_32.dll
0x00007fff8e540000 - 0x00007fff8e574000 	C:\Windows\SYSTEM32\WINMM.dll
0x00007fff97fa0000 - 0x00007fff97fb8000 	C:\Windows\SYSTEM32\kernel.appcore.dll
0x00007fff8a6d0000 - 0x00007fff8a6e1000 	C:\Program Files\Java\jdk-11.0.2\bin\verify.dll
0x00007fff968d0000 - 0x00007fff96b03000 	C:\Windows\SYSTEM32\DBGHELP.DLL
0x00007fff9ac30000 - 0x00007fff9afb9000 	C:\Windows\System32\combase.dll
0x00007fff9b090000 - 0x00007fff9b167000 	C:\Windows\System32\OLEAUT32.dll
0x00007fff750e0000 - 0x00007fff75112000 	C:\Windows\SYSTEM32\dbgcore.DLL
0x00007fff997a0000 - 0x00007fff9981a000 	C:\Windows\System32\bcryptPrimitives.dll
0x00007fff64d30000 - 0x00007fff64d58000 	C:\Program Files\Java\jdk-11.0.2\bin\java.dll
0x00007fff723b0000 - 0x00007fff723c6000 	C:\Program Files\Java\jdk-11.0.2\bin\zip.dll
0x00007fff884c0000 - 0x00007fff884ca000 	C:\Program Files\Java\jdk-11.0.2\bin\jimage.dll
0x00007fff99e50000 - 0x00007fff9a6aa000 	C:\Windows\System32\SHELL32.dll
0x00007fff96f00000 - 0x00007fff977f6000 	C:\Windows\SYSTEM32\windows.storage.dll
0x00007fff96dc0000 - 0x00007fff96efe000 	C:\Windows\SYSTEM32\wintypes.dll
0x00007fff9b240000 - 0x00007fff9b333000 	C:\Windows\System32\SHCORE.dll
0x00007fff99a10000 - 0x00007fff99a6e000 	C:\Windows\System32\shlwapi.dll
0x00007fff98f60000 - 0x00007fff98f86000 	C:\Windows\SYSTEM32\profapi.dll
0x00007fff64cb0000 - 0x00007fff64cc9000 	C:\Program Files\Java\jdk-11.0.2\bin\net.dll
0x00007fff7b1e0000 - 0x00007fff7b3d0000 	C:\Windows\SYSTEM32\urlmon.dll
0x00007fff91050000 - 0x00007fff91187000 	C:\Windows\SYSTEM32\WINHTTP.dll
0x00007fff886a0000 - 0x00007fff8895c000 	C:\Windows\SYSTEM32\iertutil.dll
0x00007fff7e8e0000 - 0x00007fff7e908000 	C:\Windows\SYSTEM32\srvcli.dll
0x00007fff97d10000 - 0x00007fff97d1c000 	C:\Windows\SYSTEM32\netutils.dll
0x00007fff984b0000 - 0x00007fff98519000 	C:\Windows\system32\mswsock.dll
0x00007fff64c90000 - 0x00007fff64ca3000 	C:\Program Files\Java\jdk-11.0.2\bin\nio.dll
0x00007fff88370000 - 0x00007fff88379000 	C:\Program Files\Java\jdk-11.0.2\bin\management.dll
0x00007fff7fad0000 - 0x00007fff7fadc000 	C:\Program Files\Java\jdk-11.0.2\bin\management_ext.dll
0x00007fff8df10000 - 0x00007fff8df27000 	C:\Windows\system32\napinsp.dll
0x00007fff8dbf0000 - 0x00007fff8dc0b000 	C:\Windows\system32\pnrpnsp.dll
0x00007fff97ac0000 - 0x00007fff97bb9000 	C:\Windows\SYSTEM32\DNSAPI.dll
0x00007fff97a50000 - 0x00007fff97a7d000 	C:\Windows\SYSTEM32\IPHLPAPI.DLL
0x00007fff99e20000 - 0x00007fff99e29000 	C:\Windows\System32\NSI.dll
0x00007fff8dbb0000 - 0x00007fff8dbc1000 	C:\Windows\System32\winrnr.dll
0x00007fff8db90000 - 0x00007fff8dba5000 	C:\Windows\system32\wshbth.dll
0x00007fff8db60000 - 0x00007fff8db81000 	C:\Windows\system32\nlansp_c.dll
0x00007fff8e7e0000 - 0x00007fff8e7ea000 	C:\Windows\System32\rasadhlp.dll
0x00007fff8f160000 - 0x00007fff8f1e3000 	C:\Windows\System32\fwpuclnt.dll
0x00007fff98700000 - 0x00007fff9871b000 	C:\Windows\SYSTEM32\CRYPTSP.dll
0x00007fff97f60000 - 0x00007fff97f95000 	C:\Windows\system32\rsaenh.dll
0x00007fff985a0000 - 0x00007fff985cc000 	C:\Windows\SYSTEM32\USERENV.dll
0x00007fff988f0000 - 0x00007fff98918000 	C:\Windows\SYSTEM32\bcrypt.dll
0x00007fff98720000 - 0x00007fff9872c000 	C:\Windows\SYSTEM32\CRYPTBASE.dll
0x00007fff90960000 - 0x00007fff90979000 	C:\Windows\SYSTEM32\dhcpcsvc6.DLL
0x00007fff90940000 - 0x00007fff9095f000 	C:\Windows\SYSTEM32\dhcpcsvc.DLL
0x00007fff5f8d0000 - 0x00007fff5f8f7000 	C:\Program Files\Java\jdk-11.0.2\bin\sunec.dll
0x00007fff7cd50000 - 0x00007fff7cd5d000 	C:\Program Files\Java\jdk-11.0.2\bin\sunmscapi.dll
0x00007fff99500000 - 0x00007fff99666000 	C:\Windows\System32\CRYPT32.dll
0x00007fff988c0000 - 0x00007fff988ed000 	C:\Windows\SYSTEM32\ncrypt.dll
0x00007fff98880000 - 0x00007fff988b7000 	C:\Windows\SYSTEM32\NTASN1.dll

dbghelp: loaded successfully - version: 4.0.5 - missing functions: none
symbol engine: initialized successfully - sym options: 0x614 - pdb path: .;C:\Program Files\Java\jdk-11.0.2\bin;C:\Windows\SYSTEM32;C:\Windows\WinSxS\amd64_microsoft.windows.common-controls_6595b64144ccf1df_6.0.22621.2506_none_270c5ae97388e100;C:\Program Files\Java\jdk-11.0.2\bin\server

VM Arguments:
jvm_args: -Dfile.encoding=windows-1251 -Duser.country=RU -Duser.language=ru -Duser.variant 
java_command: com.example.demo.DemoApplication
java_class_path (initial): D:\5 семестр\Разработка серверных частей интернет ресурсов\pr5\pr5\demo\build\classes\java\main;D:\5 семестр\Разработка серверных частей интернет ресурсов\pr5\pr5\demo\build\resources\main;C:\Users\vladi\.gradle\caches\modules-2\files-2.1\org.springframework.boot\spring-boot-starter-web\2.7.17\aeb473ae622bc61e5cd153384c0a57ff4a75b5b7\spring-boot-starter-web-2.7.17.jar;C:\Users\vladi\.gradle\caches\modules-2\files-2.1\org.springframework.boot\spring-boot-starter-thymeleaf\2.7.17\936de9da73ce33c8daaf5898ba5ae4097fa2db42\spring-boot-starter-thymeleaf-2.7.17.jar;C:\Users\vladi\.gradle\caches\modules-2\files-2.1\org.springframework.boot\spring-boot-starter-data-jpa\2.7.17\58f1589f84fcc1cc5f0bfaca2d5d4e66f24a0489\spring-boot-starter-data-jpa-2.7.17.jar;C:\Users\vladi\.gradle\caches\modules-2\files-2.1\org.springframework.boot\spring-boot-starter-aop\2.7.17\c049c588ae94af34917f878d6f52f867473e66a0\spring-boot-starter-aop-2.7.17.jar;C:\Users\vladi\.gradle\caches\modules-2\files-2.1\org.springframework.boot\spring-boot-starter-jdbc\2.7.17\11f0473fc3e84ad27af55912aaceff83a7c8a6b3\spring-boot-starter-jdbc-2.7.17.jar;C:\Users\vladi\.gradle\caches\modules-2\files-2.1\org.springframework.boot\spring-boot-starter-json\2.7.17\a55883f776d124b1c25455d237292e3cb6ec0800\spring-boot-starter-json-2.7.17.jar;C:\Users\vladi\.gradle\caches\modules-2\files-2.1\org.springframework.boot\spring-boot-starter\2.7.17\1924c65f5e42bbdadfbbd11b8abad5ac1fcbdaf\spring-boot-starter-2.7.17.jar;C:\Users\vladi\.gradle\caches\modules-2\files-2.1\org.thymeleaf\thymeleaf-spring5\3.0.15.RELEASE\7170e1bcd1588d38c139f7048ebcc262676441c3\thymeleaf-spring5-3.0.15.RELEASE.jar;C:\Users\vladi\.gradle\caches\modules-2\files-2.1\org.thymeleaf.extras\thymeleaf-extras-java8time\3.0.4.RELEASE\36e7175ddce36c486fff4578b5af7bb32f54f5df\thymeleaf-extras-java8time-3.0.4.RELEASE.jar;C:\Users\vladi\.gradle\caches\modules-2\files-2.1\org.thymeleaf\thymeleaf\3.0.15.RELEASE\13e3296a03d8a597b734d832ed865
Launcher Type: SUN_STANDARD

[Global flags]
     intx CICompilerCount                          = 12                                        {product} {ergonomic}
     uint ConcGCThreads                            = 4                                         {product} {ergonomic}
     uint G1ConcRefinementThreads                  = 15                                        {product} {ergonomic}
   size_t G1HeapRegionSize                         = 1048576                                   {product} {ergonomic}
    uintx GCDrainStackTargetSize                   = 64                                        {product} {ergonomic}
   size_t InitialHeapSize                          = 264241152                                 {product} {ergonomic}
   size_t MarkStackSize                            = 4194304                                   {product} {ergonomic}
   size_t MaxHeapSize                              = 4223664128                                {product} {ergonomic}
   size_t MaxNewSize                               = 2533359616                                {product} {ergonomic}
   size_t MinHeapDeltaBytes                        = 1048576                                   {product} {ergonomic}
    uintx NonNMethodCodeHeapSize                   = 7591728                                {pd product} {ergonomic}
    uintx NonProfiledCodeHeapSize                  = 122033256                              {pd product} {ergonomic}
    uintx ProfiledCodeHeapSize                     = 122033256                              {pd product} {ergonomic}
    uintx ReservedCodeCacheSize                    = 251658240                              {pd product} {ergonomic}
     bool SegmentedCodeCache                       = true                                      {product} {ergonomic}
     bool UseCompressedClassPointers               = true                                 {lp64_product} {ergonomic}
     bool UseCompressedOops                        = true                                 {lp64_product} {ergonomic}
     bool UseG1GC                                  = true                                      {product} {ergonomic}
     bool UseLargePagesIndividualAllocation        = false                                  {pd product} {ergonomic}

Logging:
Log output configuration:
 #0: stdout all=warning uptime,level,tags
 #1: stderr all=off uptime,level,tags

Environment Variables:
JAVA_HOME=C:\Program Files\BellSoft\LibericaJDK-11\
PATH=C:\Program Files (x86)\Common Files\Oracle\Java\javapath;C:\ProgramData\Oracle\Java\javapath;C:\Program Files\BellSoft\LibericaJDK-11\bin\;C:\Windows\System32\HWAudioDriverLibs;C:\Windows\system32;C:\Windows;C:\Windows\System32\Wbem;C:\Windows\System32\WindowsPowerShell\v1.0\;C:\Windows\System32\OpenSSH\;C:\Users\Administrator\AppData\Local\Microsoft\WindowsApps;C:\Program Files\dotnet\;C:\Program Files (x86)\dotnet\;D:\PuTTY\;C:\Program Files\Docker\Docker\resources\bin;D:\nodejs\;C:\Program Files (x86)\Microsoft SQL Server\160\Tools\Binn\;C:\Program Files\Microsoft SQL Server\160\Tools\Binn\;C:\Program Files\Microsoft SQL Server\Client SDK\ODBC\170\Tools\Binn\;C:\Program Files\Microsoft SQL Server\160\DTS\Binn\;D:\D Program Files\Git\cmd;C:\Program Files\MySQL\MySQL Shell 8.0\bin\;C:\Users\vladi\AppData\Local\Programs\Python\Python311\Scripts\;C:\Users\vladi\AppData\Local\Programs\Python\Python311\;C:\Users\vladi\AppData\Local\Microsoft\WindowsApps;C:\Users\vladi\.dotnet\tools;D:\Microsoft VS Code\bin;C:\Users\vladi\AppData\Roaming\npm;D:\D Program Files\ffmpeg-6.1-full_build\bin;
USERNAME=vladi
OS=Windows_NT
PROCESSOR_IDENTIFIER=Intel64 Family 6 Model 154 Stepping 3, GenuineIntel



---------------  S Y S T E M  ---------------

OS: Windows 10 , 64 bit Build 22621 (10.0.22621.2506)

CPU:total 20 (initial active 20) (10 cores per cpu, 2 threads per core) family 6 model 154 stepping 3, cmov, cx8, fxsr, mmx, sse, sse2, sse3, ssse3, sse4.1, sse4.2, popcnt, avx, avx2, aes, clmul, erms, 3dnowpref, lzcnt, ht, tsc, tscinvbit, bmi1, bmi2, adx, sha, fma

Memory: 4k page, system-wide physical 16110M (3647M free)
TotalPageFile size 20206M (AvailPageFile size 4M)
current process WorkingSet (physical memory assigned to process): 364M, peak: 484M
current process commit charge ("private bytes"): 524M, peak: 639M

vm_info: OpenJDK 64-Bit Server VM (11.0.2+9) for windows-amd64 JRE (11.0.2+9), built on Jan 18 2019 05:23:22 by "mach5one" with MS VC++ 15.5 (VS2017)

END.
